[INFO ] 2019-06-04T10:27:08,511Z [main] webserver.CmdLineOptions.loadConfig - Config:
{
    # hardcoded value
    "baseDirectory" : "C:\\tutorials\\cordaexamples\\Corda-InsurancePremiumPayment\\kotlin-source\\build\\nodes\\PartyB",
    # web-reference.conf @ jar:file:/C:/Users/madhu/AppData/Local/capsule/apps/net.corda.webserver.WebServer_3.3-corda/corda-webserver-impl-3.3-corda.jar!/web-reference.conf: 2
    "keyStorePassword" : "cordacadevpass",
    # C:\tutorials\cordaexamples\Corda-InsurancePremiumPayment\kotlin-source\build\nodes\PartyB\node.conf: 1
    "myLegalName" : "O=PartyB,L=New York,C=US",
    # C:\tutorials\cordaexamples\Corda-InsurancePremiumPayment\kotlin-source\build\nodes\PartyB\node.conf: 2
    "p2pAddress" : "localhost:10010",
    # C:\tutorials\cordaexamples\Corda-InsurancePremiumPayment\kotlin-source\build\nodes\PartyB\node.conf: 3
    "rpcSettings" : {
        # C:\tutorials\cordaexamples\Corda-InsurancePremiumPayment\kotlin-source\build\nodes\PartyB\node.conf: 4
        "address" : "localhost:10011",
        # C:\tutorials\cordaexamples\Corda-InsurancePremiumPayment\kotlin-source\build\nodes\PartyB\node.conf: 5
        "adminAddress" : "localhost:10051"
    },
    # C:\tutorials\cordaexamples\Corda-InsurancePremiumPayment\kotlin-source\build\nodes\PartyB\node.conf: 7
    "rpcUsers" : [
        # C:\tutorials\cordaexamples\Corda-InsurancePremiumPayment\kotlin-source\build\nodes\PartyB\node.conf: 8
        {
            # C:\tutorials\cordaexamples\Corda-InsurancePremiumPayment\kotlin-source\build\nodes\PartyB\node.conf: 9
            "password" : "test",
            # C:\tutorials\cordaexamples\Corda-InsurancePremiumPayment\kotlin-source\build\nodes\PartyB\node.conf: 10
            "permissions" : [
                # C:\tutorials\cordaexamples\Corda-InsurancePremiumPayment\kotlin-source\build\nodes\PartyB\node.conf: 11
                "ALL"
            ],
            # C:\tutorials\cordaexamples\Corda-InsurancePremiumPayment\kotlin-source\build\nodes\PartyB\node.conf: 13
            "user" : "user1"
        }
    ],
    # web-reference.conf @ jar:file:/C:/Users/madhu/AppData/Local/capsule/apps/net.corda.webserver.WebServer_3.3-corda/corda-webserver-impl-3.3-corda.jar!/web-reference.conf: 3
    "trustStorePassword" : "trustpass",
    # web-reference.conf @ jar:file:/C:/Users/madhu/AppData/Local/capsule/apps/net.corda.webserver.WebServer_3.3-corda/corda-webserver-impl-3.3-corda.jar!/web-reference.conf: 1
    "useHTTPS" : false,
    # C:\tutorials\cordaexamples\Corda-InsurancePremiumPayment\kotlin-source\build\nodes\PartyB\node.conf: 16
    "webAddress" : "localhost:10012"
}
 {}
[INFO ] 2019-06-04T10:27:08,568Z [main] Main.main - Main class: /C:/Users/madhu/AppData/Local/capsule/apps/net.corda.webserver.WebServer_3.3-corda/corda-webserver-impl-3.3-corda.jar {}
[INFO ] 2019-06-04T10:27:08,683Z [main] Main.main - CommandLine Args: -Xmx200m -XX:+UseG1GC -agentlib:jdwp=transport=dt_socket,server=y,suspend=n,address=5009 -javaagent:drivers/jolokia-jvm-1.3.7-agent.jar=port=7009,logHandlerClass=net.corda.webserver.JolokiaSlf4Adapter -javaagent:C:\tutorials\cordaexamples\Corda-InsurancePremiumPayment\kotlin-source\build\nodes\PartyB\corda-webserver.jar -javaagent:C:\Users\madhu\AppData\Local\capsule\apps\net.corda.webserver.WebServer_3.3-corda\quasar-core-0.7.9-jdk8.jar -Dcapsule.address=0.0.0.0 -Dvisualvm.display.name=Corda -Djava.library.path=C:\Program Files\Java\jre1.8.0_201\bin;C:\WINDOWS\Sun\Java\bin;C:\WINDOWS\system32;C:\WINDOWS;C:\Program Files (x86)\Common Files\Oracle\Java\javapath;C:\Program Files (x86)\Lenovo\FusionEngine;C:\WINDOWS\system32;C:\WINDOWS;C:\WINDOWS\System32\Wbem;C:\WINDOWS\System32\WindowsPowerShell\v1.0;C:\Program Files (x86)\Common Files\lenovo\easyplussdk\bin;C:\Program Files\Intel\WiFi\bin;C:\Program Files\Common Files\Intel\WirelessCommon;C:\Program Files\Microsoft\Web Platform Installer;C:\Program Files\Microsoft SQL Server\130\Tools\Binn;C:\Program Files\dotnet;C:\Program Files\Geth;C:\ProgramData\chocolatey\bin;C:\Program Files\Git\cmd;C:\WINDOWS\System32\OpenSSH;C:\Program Files\nodejs;C:\Program Files (x86)\Microsoft VS Code\bin;C:\consenSys\go-ipfs;C:\Go\bin;C:\Program Files\PuTTY;C:\Program Files\Amazon\AWSCLI\bin;C:\Users\madhu\.windows-build-tools\python27;C:\Program Files\nodejs\node_modules\npm\node_modules\npm-lifecycle\node-gyp-bin;C:\WINDOWS\system32\node_modules\windows-build-tools\node_modules\.bin;C:\WINDOWS\system32\node_modules\.bin;C:\Program Files (x86)\Lenovo\FusionEngine;C:\WINDOWS\system32;C:\WINDOWS;C:\WINDOWS\System32\Wbem;C:\WINDOWS\System32\WindowsPowerShell\v1.0;C:\Program Files (x86)\Common Files\lenovo\easyplussdk\bin;C:\Program Files\Intel\WiFi\bin;C:\Program Files\Common Files\Intel\WirelessCommon;C:\Program Files\Microsoft\Web Platform Installer;C:\Users\madhu\.dnx\bin;C:\Program Files\Microsoft DNX\Dnvm;C:\Program Files\Microsoft SQL Server\130\Tools\Binn;C:\Program Files\dotnet;C:\Program Files\Geth;C:\ProgramData\chocolatey\bin;C:\Program Files\Git\cmd;C:\WINDOWS\System32\OpenSSH;C:\Program Files\nodejs;C:\Program Files (x86)\Microsoft VS Code\bin;C:\consenSys\go-ipfs;C:\Users\madhu\AppData\Local\Microsoft\WindowsApps;C:\Users\madhu\AppData\Local\atom\bin;C:\Users\madhu\AppData\Local\Microsoft\WindowsApps;C:\Users\madhu\AppData\Roaming\npm;C:\Users\madhu\go\bin;C:\Users\madhu\go\src\github.com\ipfs\go-ipfs;C:\Program Files\heroku\bin;C:\Users\madhu\AppData\Local\capsule\apps\net.corda.webserver.WebServer_3.3-corda -Dcapsule.log=1 -Dcapsule.app=net.corda.webserver.WebServer_3.3-corda -Dcapsule.port=56730 -Dname=PartyB-corda-webserver.jar -Dcapsule.jvm.args=-agentlib:jdwp=transport=dt_socket,server=y,suspend=n,address=5009 -javaagent:drivers/jolokia-jvm-1.3.7-agent.jar=port=7009,logHandlerClass=net.corda.webserver.JolokiaSlf4Adapter -DWebserver -Dcapsule.dir=C:\Users\madhu\AppData\Local\capsule\apps\net.corda.webserver.WebServer_3.3-corda -Dcapsule.jar=C:\tutorials\cordaexamples\Corda-InsurancePremiumPayment\kotlin-source\build\nodes\PartyB\corda-webserver.jar {}
[INFO ] 2019-06-04T10:27:09,081Z [main] Main.main - Application Args:  {}
[INFO ] 2019-06-04T10:27:09,082Z [main] Main.main - bootclasspath: C:\Program Files\Java\jre1.8.0_201\lib\resources.jar;C:\Program Files\Java\jre1.8.0_201\lib\rt.jar;C:\Program Files\Java\jre1.8.0_201\lib\sunrsasign.jar;C:\Program Files\Java\jre1.8.0_201\lib\jsse.jar;C:\Program Files\Java\jre1.8.0_201\lib\jce.jar;C:\Program Files\Java\jre1.8.0_201\lib\charsets.jar;C:\Program Files\Java\jre1.8.0_201\lib\jfr.jar;C:\Program Files\Java\jre1.8.0_201\classes {}
[INFO ] 2019-06-04T10:27:09,082Z [main] Main.main - classpath: C:\tutorials\cordaexamples\Corda-InsurancePremiumPayment\kotlin-source\build\nodes\PartyB\corda-webserver.jar;C:\Users\madhu\AppData\Local\capsule\apps\net.corda.webserver.WebServer_3.3-corda\corda-rpc-3.3-corda.jar;C:\Users\madhu\AppData\Local\capsule\apps\net.corda.webserver.WebServer_3.3-corda\corda-jackson-3.3-corda.jar;C:\Users\madhu\AppData\Local\capsule\apps\net.corda.webserver.WebServer_3.3-corda\corda-node-api-3.3-corda.jar;C:\Users\madhu\AppData\Local\capsule\apps\net.corda.webserver.WebServer_3.3-corda\corda-core-3.3-corda.jar;C:\Users\madhu\AppData\Local\capsule\apps\net.corda.webserver.WebServer_3.3-corda\jetty-webapp-9.4.7.v20170914.jar;C:\Users\madhu\AppData\Local\capsule\apps\net.corda.webserver.WebServer_3.3-corda\jetty-servlet-9.4.7.v20170914.jar;C:\Users\madhu\AppData\Local\capsule\apps\net.corda.webserver.WebServer_3.3-corda\jersey-container-jetty-http-2.25.jar;C:\Users\madhu\AppData\Local\capsule\apps\net.corda.webserver.WebServer_3.3-corda\jetty-security-9.4.7.v20170914.jar;C:\Users\madhu\AppData\Local\capsule\apps\net.corda.webserver.WebServer_3.3-corda\jetty-server-9.4.7.v20170914.jar;C:\Users\madhu\AppData\Local\capsule\apps\net.corda.webserver.WebServer_3.3-corda\javax.servlet-api-3.1.0.jar;C:\Users\madhu\AppData\Local\capsule\apps\net.corda.webserver.WebServer_3.3-corda\commons-fileupload-1.3.3.jar;C:\Users\madhu\AppData\Local\capsule\apps\net.corda.webserver.WebServer_3.3-corda\log4j-slf4j-impl-2.9.1.jar;C:\Users\madhu\AppData\Local\capsule\apps\net.corda.webserver.WebServer_3.3-corda\log4j-core-2.9.1.jar;C:\Users\madhu\AppData\Local\capsule\apps\net.corda.webserver.WebServer_3.3-corda\jopt-simple-5.0.2.jar;C:\Users\madhu\AppData\Local\capsule\apps\net.corda.webserver.WebServer_3.3-corda\jetty-continuation-9.4.7.v20170914.jar;C:\Users\madhu\AppData\Local\capsule\apps\net.corda.webserver.WebServer_3.3-corda\jersey-container-servlet-2.25.jar;C:\Users\madhu\AppData\Local\capsule\apps\net.corda.webserver.WebServer_3.3-corda\jersey-container-servlet-core-2.25.jar;C:\Users\madhu\AppData\Local\capsule\apps\net.corda.webserver.WebServer_3.3-corda\jersey-server-2.25.jar;C:\Users\madhu\AppData\Local\capsule\apps\net.corda.webserver.WebServer_3.3-corda\jersey-media-json-jackson-2.25.jar;C:\Users\madhu\AppData\Local\capsule\apps\net.corda.webserver.WebServer_3.3-corda\kotlinx-html-jvm-0.6.3.jar;C:\Users\madhu\AppData\Local\capsule\apps\net.corda.webserver.WebServer_3.3-corda\kotlin-stdlib-jre8-1.1.60.jar;C:\Users\madhu\AppData\Local\capsule\apps\net.corda.webserver.WebServer_3.3-corda\jackson-module-kotlin-2.9.2.jar;C:\Users\madhu\AppData\Local\capsule\apps\net.corda.webserver.WebServer_3.3-corda\kotlin-reflect-1.1.60.jar;C:\Users\madhu\AppData\Local\capsule\apps\net.corda.webserver.WebServer_3.3-corda\cordform-common-3.2.1.jar;C:\Users\madhu\AppData\Local\capsule\apps\net.corda.webserver.WebServer_3.3-corda\jsr305-3.0.2.jar;C:\Users\madhu\AppData\Local\capsule\apps\net.corda.webserver.WebServer_3.3-corda\jcl-over-slf4j-1.7.25.jar;C:\Users\madhu\AppData\Local\capsule\apps\net.corda.webserver.WebServer_3.3-corda\slf4j-api-1.7.25.jar;C:\Users\madhu\AppData\Local\capsule\apps\net.corda.webserver.WebServer_3.3-corda\rxjava-1.2.4.jar;C:\Users\madhu\AppData\Local\capsule\apps\net.corda.webserver.WebServer_3.3-corda\commons-jexl3-3.0.jar;C:\Users\madhu\AppData\Local\capsule\apps\net.corda.webserver.WebServer_3.3-corda\jackson-datatype-jsr310-2.9.2.jar;C:\Users\madhu\AppData\Local\capsule\apps\net.corda.webserver.WebServer_3.3-corda\jackson-jaxrs-json-provider-2.8.4.jar;C:\Users\madhu\AppData\Local\capsule\apps\net.corda.webserver.WebServer_3.3-corda\jackson-jaxrs-base-2.8.4.jar;C:\Users\madhu\AppData\Local\capsule\apps\net.corda.webserver.WebServer_3.3-corda\jackson-module-jaxb-annotations-2.8.4.jar;C:\Users\madhu\AppData\Local\capsule\apps\net.corda.webserver.WebServer_3.3-corda\jackson-databind-2.9.2.jar;C:\Users\madhu\AppData\Local\capsule\apps\net.corda.webserver.WebServer_3.3-corda\eddsa-0.2.0.jar;C:\Users\madhu\AppData\Local\capsule\apps\net.corda.webserver.WebServer_3.3-corda\bcpkix-jdk15on-1.57.jar;C:\Users\madhu\AppData\Local\capsule\apps\net.corda.webserver.WebServer_3.3-corda\bcprov-jdk15on-1.57.jar;C:\Users\madhu\AppData\Local\capsule\apps\net.corda.webserver.WebServer_3.3-corda\hibernate-core-5.2.6.Final.jar;C:\Users\madhu\AppData\Local\capsule\apps\net.corda.webserver.WebServer_3.3-corda\hibernate-jpa-2.1-api-1.0.0.Final.jar;C:\Users\madhu\AppData\Local\capsule\apps\net.corda.webserver.WebServer_3.3-corda\quasar-core-0.7.9-jdk8.jar;C:\Users\madhu\AppData\Local\capsule\apps\net.corda.webserver.WebServer_3.3-corda\jackson-dataformat-yaml-2.9.2.jar;C:\Users\madhu\AppData\Local\capsule\apps\net.corda.webserver.WebServer_3.3-corda\artemis-core-client-2.2.0.jar;C:\Users\madhu\AppData\Local\capsule\apps\net.corda.webserver.WebServer_3.3-corda\artemis-commons-2.2.0.jar;C:\Users\madhu\AppData\Local\capsule\apps\net.corda.webserver.WebServer_3.3-corda\guava-21.0.jar;C:\Users\madhu\AppData\Local\capsule\apps\net.corda.webserver.WebServer_3.3-corda\jetty-xml-9.4.7.v20170914.jar;C:\Users\madhu\AppData\Local\capsule\apps\net.corda.webserver.WebServer_3.3-corda\commons-io-2.2.jar;C:\Users\madhu\AppData\Local\capsule\apps\net.corda.webserver.WebServer_3.3-corda\log4j-api-2.9.1.jar;C:\Users\madhu\AppData\Local\capsule\apps\net.corda.webserver.WebServer_3.3-corda\jersey-client-2.25.jar;C:\Users\madhu\AppData\Local\capsule\apps\net.corda.webserver.WebServer_3.3-corda\jersey-media-jaxb-2.25.jar;C:\Users\madhu\AppData\Local\capsule\apps\net.corda.webserver.WebServer_3.3-corda\jersey-common-2.25.jar;C:\Users\madhu\AppData\Local\capsule\apps\net.corda.webserver.WebServer_3.3-corda\jersey-entity-filtering-2.25.jar;C:\Users\madhu\AppData\Local\capsule\apps\net.corda.webserver.WebServer_3.3-corda\javax.ws.rs-api-2.0.1.jar;C:\Users\madhu\AppData\Local\capsule\apps\net.corda.webserver.WebServer_3.3-corda\javax.annotation-api-1.2.jar;C:\Users\madhu\AppData\Local\capsule\apps\net.corda.webserver.WebServer_3.3-corda\hk2-locator-2.5.0-b30.jar;C:\Users\madhu\AppData\Local\capsule\apps\net.corda.webserver.WebServer_3.3-corda\hk2-api-2.5.0-b30.jar;C:\Users\madhu\AppData\Local\capsule\apps\net.corda.webserver.WebServer_3.3-corda\javax.inject-2.5.0-b30.jar;C:\Users\madhu\AppData\Local\capsule\apps\net.corda.webserver.WebServer_3.3-corda\validation-api-1.1.0.Final.jar;C:\Users\madhu\AppData\Local\capsule\apps\net.corda.webserver.WebServer_3.3-corda\jetty-http-9.4.7.v20170914.jar;C:\Users\madhu\AppData\Local\capsule\apps\net.corda.webserver.WebServer_3.3-corda\jetty-io-9.4.7.v20170914.jar;C:\Users\madhu\AppData\Local\capsule\apps\net.corda.webserver.WebServer_3.3-corda\jetty-util-9.4.7.v20170914.jar;C:\Users\madhu\AppData\Local\capsule\apps\net.corda.webserver.WebServer_3.3-corda\jackson-annotations-2.9.0.jar;C:\Users\madhu\AppData\Local\capsule\apps\net.corda.webserver.WebServer_3.3-corda\kotlin-stdlib-jre7-1.1.60.jar;C:\Users\madhu\AppData\Local\capsule\apps\net.corda.webserver.WebServer_3.3-corda\kotlin-stdlib-1.1.60.jar;C:\Users\madhu\AppData\Local\capsule\apps\net.corda.webserver.WebServer_3.3-corda\jackson-core-2.9.2.jar;C:\Users\madhu\AppData\Local\capsule\apps\net.corda.webserver.WebServer_3.3-corda\hibernate-commons-annotations-5.0.1.Final.jar;C:\Users\madhu\AppData\Local\capsule\apps\net.corda.webserver.WebServer_3.3-corda\jboss-logging-3.3.0.Final.jar;C:\Users\madhu\AppData\Local\capsule\apps\net.corda.webserver.WebServer_3.3-corda\javassist-3.20.0-GA.jar;C:\Users\madhu\AppData\Local\capsule\apps\net.corda.webserver.WebServer_3.3-corda\antlr-2.7.7.jar;C:\Users\madhu\AppData\Local\capsule\apps\net.corda.webserver.WebServer_3.3-corda\geronimo-jta_1.1_spec-1.1.1.jar;C:\Users\madhu\AppData\Local\capsule\apps\net.corda.webserver.WebServer_3.3-corda\jandex-2.0.3.Final.jar;C:\Users\madhu\AppData\Local\capsule\apps\net.corda.webserver.WebServer_3.3-corda\classmate-1.3.0.jar;C:\Users\madhu\AppData\Local\capsule\apps\net.corda.webserver.WebServer_3.3-corda\dom4j-1.6.1.jar;C:\Users\madhu\AppData\Local\capsule\apps\net.corda.webserver.WebServer_3.3-corda\cdi-api-1.1.jar;C:\Users\madhu\AppData\Local\capsule\apps\net.corda.webserver.WebServer_3.3-corda\commons-collections4-4.1.jar;C:\Users\madhu\AppData\Local\capsule\apps\net.corda.webserver.WebServer_3.3-corda\commons-beanutils-1.9.3.jar;C:\Users\madhu\AppData\Local\capsule\apps\net.corda.webserver.WebServer_3.3-corda\config-1.3.1.jar;C:\Users\madhu\AppData\Local\capsule\apps\net.corda.webserver.WebServer_3.3-corda\kryo-serializers-0.41.jar;C:\Users\madhu\AppData\Local\capsule\apps\net.corda.webserver.WebServer_3.3-corda\kryo-4.0.0.jar;C:\Users\madhu\AppData\Local\capsule\apps\net.corda.webserver.WebServer_3.3-corda\proton-j-0.21.0.jar;C:\Users\madhu\AppData\Local\capsule\apps\net.corda.webserver.WebServer_3.3-corda\fast-classpath-scanner-2.12.3.jar;C:\Users\madhu\AppData\Local\capsule\apps\net.corda.webserver.WebServer_3.3-corda\snakeyaml-1.18.jar;C:\Users\madhu\AppData\Local\capsule\apps\net.corda.webserver.WebServer_3.3-corda\jersey-guava-2.25.jar;C:\Users\madhu\AppData\Local\capsule\apps\net.corda.webserver.WebServer_3.3-corda\osgi-resource-locator-1.0.1.jar;C:\Users\madhu\AppData\Local\capsule\apps\net.corda.webserver.WebServer_3.3-corda\hk2-utils-2.5.0-b30.jar;C:\Users\madhu\AppData\Local\capsule\apps\net.corda.webserver.WebServer_3.3-corda\aopalliance-repackaged-2.5.0-b30.jar;C:\Users\madhu\AppData\Local\capsule\apps\net.corda.webserver.WebServer_3.3-corda\el-api-2.2.jar;C:\Users\madhu\AppData\Local\capsule\apps\net.corda.webserver.WebServer_3.3-corda\jboss-interceptors-api_1.1_spec-1.0.0.Beta1.jar;C:\Users\madhu\AppData\Local\capsule\apps\net.corda.webserver.WebServer_3.3-corda\jsr250-api-1.0.jar;C:\Users\madhu\AppData\Local\capsule\apps\net.corda.webserver.WebServer_3.3-corda\javax.inject-1.jar;C:\Users\madhu\AppData\Local\capsule\apps\net.corda.webserver.WebServer_3.3-corda\commons-collections-3.2.2.jar;C:\Users\madhu\AppData\Local\capsule\apps\net.corda.webserver.WebServer_3.3-corda\jgroups-3.6.13.Final.jar;C:\Users\madhu\AppData\Local\capsule\apps\net.corda.webserver.WebServer_3.3-corda\netty-all-4.1.9.Final.jar;C:\Users\madhu\AppData\Local\capsule\apps\net.corda.webserver.WebServer_3.3-corda\geronimo-json_1.0_spec-1.0-alpha-1.jar;C:\Users\madhu\AppData\Local\capsule\apps\net.corda.webserver.WebServer_3.3-corda\johnzon-core-0.9.5.jar;C:\Users\madhu\AppData\Local\capsule\apps\net.corda.webserver.WebServer_3.3-corda\reflectasm-1.11.3.jar;C:\Users\madhu\AppData\Local\capsule\apps\net.corda.webserver.WebServer_3.3-corda\minlog-1.3.0.jar;C:\Users\madhu\AppData\Local\capsule\apps\net.corda.webserver.WebServer_3.3-corda\objenesis-2.2.jar;C:\Users\madhu\AppData\Local\capsule\apps\net.corda.webserver.WebServer_3.3-corda\asm-5.0.4.jar;C:\Users\madhu\AppData\Local\capsule\apps\net.corda.webserver.WebServer_3.3-corda\annotations-13.0.jar;C:\Users\madhu\AppData\Local\capsule\apps\net.corda.webserver.WebServer_3.3-corda\corda-webserver-impl-3.3-corda.jar;C:\tutorials\cordaexamples\Corda-InsurancePremiumPayment\kotlin-source\build\nodes\PartyB\cordapps\corda-finance-3.3-corda.jar;C:\tutorials\cordaexamples\Corda-InsurancePremiumPayment\kotlin-source\build\nodes\PartyB\cordapps\cordapp-helloworld-0.1.jar;drivers/jolokia-jvm-1.3.7-agent.jar;C:\tutorials\cordaexamples\Corda-InsurancePremiumPayment\kotlin-source\build\nodes\PartyB\corda-webserver.jar;C:\Users\madhu\AppData\Local\capsule\apps\net.corda.webserver.WebServer_3.3-corda\quasar-core-0.7.9-jdk8.jar {}
[INFO ] 2019-06-04T10:27:09,084Z [main] Main.main - VM Java HotSpot(TM) 64-Bit Server VM Oracle Corporation 25.201-b09 {}
[INFO ] 2019-06-04T10:27:09,086Z [main] Main.main - Machine: DESKTOP-TQVEIEQ {}
[INFO ] 2019-06-04T10:27:09,086Z [main] Main.main - Working Directory: C:\tutorials\cordaexamples\Corda-InsurancePremiumPayment\kotlin-source\build\nodes\PartyB {}
[INFO ] 2019-06-04T10:27:18,512Z [main] Main.main - Starting as webserver on localhost:10012 {}
[INFO ] 2019-06-04T10:27:18,968Z [main] BasicInfo.logAndMaybePrint - Starting as webserver: localhost:10012 {}
[WARN ] 2019-06-04T10:27:22,926Z [main] internal.config.defaultToOldPath - Config key user has been deprecated and will be removed in a future release. Use username instead {}
[INFO ] 2019-06-04T10:27:22,937Z [main] internal.NodeWebServer.connectLocalRpcAsNodeUser - Connecting to node at localhost:10011 as User(user1, permissions=[ALL]) {}
[INFO ] 2019-06-04T10:27:59,506Z [main] internal.RPCClient.logElapsedTime - Startup took 20523 msec {}
[WARN ] 2019-06-04T10:28:00,664Z [main] internal.config.defaultToOldPath - Config key user has been deprecated and will be removed in a future release. Use username instead {}
[INFO ] 2019-06-04T10:28:00,666Z [main] internal.NodeWebServer.connectLocalRpcAsNodeUser - Connecting to node at localhost:10011 as User(user1, permissions=[ALL]) {}
[INFO ] 2019-06-04T10:28:03,226Z [main] internal.RPCClient.logElapsedTime - Startup took 2557 msec {}
[WARN ] 2019-06-04T10:28:04,397Z [main] internal.config.defaultToOldPath - Config key user has been deprecated and will be removed in a future release. Use username instead {}
[INFO ] 2019-06-04T10:28:04,398Z [main] internal.NodeWebServer.connectLocalRpcAsNodeUser - Connecting to node at localhost:10011 as User(user1, permissions=[ALL]) {}
[INFO ] 2019-06-04T10:28:07,089Z [main] internal.RPCClient.logElapsedTime - Startup took 2140 msec {}
[WARN ] 2019-06-04T10:28:08,183Z [main] internal.config.defaultToOldPath - Config key user has been deprecated and will be removed in a future release. Use username instead {}
[INFO ] 2019-06-04T10:28:08,184Z [main] internal.NodeWebServer.connectLocalRpcAsNodeUser - Connecting to node at localhost:10011 as User(user1, permissions=[ALL]) {}
[INFO ] 2019-06-04T10:28:09,621Z [main] internal.RPCClient.logElapsedTime - Startup took 1436 msec {}
[WARN ] 2019-06-04T10:28:11,066Z [main] internal.config.defaultToOldPath - Config key user has been deprecated and will be removed in a future release. Use username instead {}
[INFO ] 2019-06-04T10:28:11,070Z [main] internal.NodeWebServer.connectLocalRpcAsNodeUser - Connecting to node at localhost:10011 as User(user1, permissions=[ALL]) {}
[INFO ] 2019-06-04T10:28:13,656Z [main] internal.RPCClient.logElapsedTime - Startup took 2584 msec {}
[WARN ] 2019-06-04T10:28:14,818Z [main] internal.config.defaultToOldPath - Config key user has been deprecated and will be removed in a future release. Use username instead {}
[INFO ] 2019-06-04T10:28:14,819Z [main] internal.NodeWebServer.connectLocalRpcAsNodeUser - Connecting to node at localhost:10011 as User(user1, permissions=[ALL]) {}
[INFO ] 2019-06-04T10:28:17,118Z [main] internal.RPCClient.logElapsedTime - Startup took 1903 msec {}
[WARN ] 2019-06-04T10:28:18,221Z [main] internal.config.defaultToOldPath - Config key user has been deprecated and will be removed in a future release. Use username instead {}
[INFO ] 2019-06-04T10:28:18,221Z [main] internal.NodeWebServer.connectLocalRpcAsNodeUser - Connecting to node at localhost:10011 as User(user1, permissions=[ALL]) {}
[INFO ] 2019-06-04T10:28:19,539Z [main] internal.RPCClient.logElapsedTime - Startup took 1317 msec {}
[WARN ] 2019-06-04T10:28:20,580Z [main] internal.config.defaultToOldPath - Config key user has been deprecated and will be removed in a future release. Use username instead {}
[INFO ] 2019-06-04T10:28:20,582Z [main] internal.NodeWebServer.connectLocalRpcAsNodeUser - Connecting to node at localhost:10011 as User(user1, permissions=[ALL]) {}
[INFO ] 2019-06-04T10:28:21,808Z [main] internal.RPCClient.logElapsedTime - Startup took 1224 msec {}
[WARN ] 2019-06-04T10:28:22,991Z [main] internal.config.defaultToOldPath - Config key user has been deprecated and will be removed in a future release. Use username instead {}
[INFO ] 2019-06-04T10:28:22,993Z [main] internal.NodeWebServer.connectLocalRpcAsNodeUser - Connecting to node at localhost:10011 as User(user1, permissions=[ALL]) {}
[INFO ] 2019-06-04T10:28:24,225Z [main] internal.RPCClient.logElapsedTime - Startup took 1229 msec {}
[WARN ] 2019-06-04T10:28:25,547Z [main] internal.config.defaultToOldPath - Config key user has been deprecated and will be removed in a future release. Use username instead {}
[INFO ] 2019-06-04T10:28:25,548Z [main] internal.NodeWebServer.connectLocalRpcAsNodeUser - Connecting to node at localhost:10011 as User(user1, permissions=[ALL]) {}
[INFO ] 2019-06-04T10:28:27,939Z [main] internal.RPCClient.logElapsedTime - Startup took 2391 msec {}
[WARN ] 2019-06-04T10:28:29,094Z [main] internal.config.defaultToOldPath - Config key user has been deprecated and will be removed in a future release. Use username instead {}
[INFO ] 2019-06-04T10:28:29,095Z [main] internal.NodeWebServer.connectLocalRpcAsNodeUser - Connecting to node at localhost:10011 as User(user1, permissions=[ALL]) {}
[INFO ] 2019-06-04T10:28:31,805Z [main] internal.RPCClient.logElapsedTime - Startup took 2707 msec {}
[WARN ] 2019-06-04T10:28:32,938Z [main] internal.config.defaultToOldPath - Config key user has been deprecated and will be removed in a future release. Use username instead {}
[INFO ] 2019-06-04T10:28:32,939Z [main] internal.NodeWebServer.connectLocalRpcAsNodeUser - Connecting to node at localhost:10011 as User(user1, permissions=[ALL]) {}
[INFO ] 2019-06-04T10:28:34,618Z [main] internal.RPCClient.logElapsedTime - Startup took 1677 msec {}
[WARN ] 2019-06-04T10:28:35,986Z [main] internal.config.defaultToOldPath - Config key user has been deprecated and will be removed in a future release. Use username instead {}
[INFO ] 2019-06-04T10:28:35,988Z [main] internal.NodeWebServer.connectLocalRpcAsNodeUser - Connecting to node at localhost:10011 as User(user1, permissions=[ALL]) {}
[INFO ] 2019-06-04T10:28:38,113Z [main] internal.RPCClient.logElapsedTime - Startup took 2124 msec {}
[WARN ] 2019-06-04T10:28:39,141Z [main] internal.config.defaultToOldPath - Config key user has been deprecated and will be removed in a future release. Use username instead {}
[INFO ] 2019-06-04T10:28:39,142Z [main] internal.NodeWebServer.connectLocalRpcAsNodeUser - Connecting to node at localhost:10011 as User(user1, permissions=[ALL]) {}
[INFO ] 2019-06-04T10:28:40,333Z [main] internal.RPCClient.logElapsedTime - Startup took 1190 msec {}
[WARN ] 2019-06-04T10:28:41,465Z [main] internal.config.defaultToOldPath - Config key user has been deprecated and will be removed in a future release. Use username instead {}
[INFO ] 2019-06-04T10:28:41,468Z [main] internal.NodeWebServer.connectLocalRpcAsNodeUser - Connecting to node at localhost:10011 as User(user1, permissions=[ALL]) {}
[INFO ] 2019-06-04T10:28:42,835Z [main] internal.RPCClient.logElapsedTime - Startup took 1366 msec {}
[WARN ] 2019-06-04T10:28:43,935Z [main] internal.config.defaultToOldPath - Config key user has been deprecated and will be removed in a future release. Use username instead {}
[INFO ] 2019-06-04T10:28:43,967Z [main] internal.NodeWebServer.connectLocalRpcAsNodeUser - Connecting to node at localhost:10011 as User(user1, permissions=[ALL]) {}
[INFO ] 2019-06-04T10:28:45,209Z [main] internal.RPCClient.logElapsedTime - Startup took 1241 msec {}
[WARN ] 2019-06-04T10:28:46,683Z [main] internal.config.defaultToOldPath - Config key user has been deprecated and will be removed in a future release. Use username instead {}
[INFO ] 2019-06-04T10:28:46,685Z [main] internal.NodeWebServer.connectLocalRpcAsNodeUser - Connecting to node at localhost:10011 as User(user1, permissions=[ALL]) {}
[INFO ] 2019-06-04T10:28:48,125Z [main] internal.RPCClient.logElapsedTime - Startup took 1438 msec {}
[WARN ] 2019-06-04T10:28:49,177Z [main] internal.config.defaultToOldPath - Config key user has been deprecated and will be removed in a future release. Use username instead {}
[INFO ] 2019-06-04T10:28:49,180Z [main] internal.NodeWebServer.connectLocalRpcAsNodeUser - Connecting to node at localhost:10011 as User(user1, permissions=[ALL]) {}
[INFO ] 2019-06-04T10:29:08,680Z [main] internal.RPCClient.logElapsedTime - Startup took 19499 msec {}
[INFO ] 2019-06-04T10:29:08,787Z [main] util.log.initialized - Logging initialized @179833ms to org.eclipse.jetty.util.log.Slf4jLog {}
[INFO ] 2019-06-04T10:29:13,943Z [main] internal.NodeWebServer.buildServletContextHandler - Add plugin web API from attachment com.helloworld.plugin.ExamplePluginKt$sam$Function$ef548309@10c1682b {}
[INFO ] 2019-06-04T10:29:17,829Z [main] server.Server.doStart - jetty-9.4.7.v20170914 {}
[INFO ] 2019-06-04T10:29:24,017Z [main] handler.ContextHandler.doStart - Started o.e.j.s.ServletContextHandler@4f5080ea{/,null,AVAILABLE} {}
[INFO ] 2019-06-04T10:29:24,140Z [main] server.AbstractConnector.doStart - Started ServerConnector@5b5530ca{HTTP/1.1,[http/1.1]}{0.0.0.0:10012} {}
[INFO ] 2019-06-04T10:29:24,140Z [main] server.Server.doStart - Started @195192ms {}
[INFO ] 2019-06-04T10:29:24,141Z [main] internal.NodeWebServer.initWebServer - Starting webserver on address localhost:10012 {}
[WARN ] 2019-06-04T10:45:02,214Z [rpc-client-reaper-0] internal.RPCClientProxyHandler.onRemoval - A hot observable returned from an RPC was never subscribed to. This wastes server-side resources because it was queueing observations for retrieval. It is being closed now, but please adjust your code to call .notUsed() on the observable to close it explicitly. (Java users: subscribe to it then unsubscribe). This warning will appear less frequently in future versions of the platform and you can ignore it if you want to. {}
[WARN ] 2019-06-04T10:45:02,215Z [rpc-client-reaper-0] internal.RPCClientProxyHandler.onRemoval - A hot observable returned from an RPC was never subscribed to. This wastes server-side resources because it was queueing observations for retrieval. It is being closed now, but please adjust your code to call .notUsed() on the observable to close it explicitly. (Java users: subscribe to it then unsubscribe). This warning will appear less frequently in future versions of the platform and you can ignore it if you want to. {}
[WARN ] 2019-06-04T10:45:02,216Z [rpc-client-reaper-0] internal.RPCClientProxyHandler.onRemoval - A hot observable returned from an RPC was never subscribed to. This wastes server-side resources because it was queueing observations for retrieval. It is being closed now, but please adjust your code to call .notUsed() on the observable to close it explicitly. (Java users: subscribe to it then unsubscribe). This warning will appear less frequently in future versions of the platform and you can ignore it if you want to. {}
[WARN ] 2019-06-04T10:49:31,926Z [Thread-2 (ActiveMQ-client-global-threads)] internal.RPCClientProxyHandler.cleanUpOnConnectionLoss - Terminating observables. {}
