[INFO ] 2019-06-04T10:26:42,050Z [main] webserver.CmdLineOptions.loadConfig - Config:
{
    # hardcoded value
    "baseDirectory" : "C:\\tutorials\\cordaexamples\\Corda-InsurancePremiumPayment\\kotlin-source\\build\\nodes\\PartyA",
    # web-reference.conf @ jar:file:/C:/Users/madhu/AppData/Local/capsule/apps/net.corda.webserver.WebServer_3.3-corda/corda-webserver-impl-3.3-corda.jar!/web-reference.conf: 2
    "keyStorePassword" : "cordacadevpass",
    # C:\tutorials\cordaexamples\Corda-InsurancePremiumPayment\kotlin-source\build\nodes\PartyA\node.conf: 1
    "myLegalName" : "O=PartyA,L=London,C=GB",
    # C:\tutorials\cordaexamples\Corda-InsurancePremiumPayment\kotlin-source\build\nodes\PartyA\node.conf: 2
    "p2pAddress" : "localhost:10007",
    # C:\tutorials\cordaexamples\Corda-InsurancePremiumPayment\kotlin-source\build\nodes\PartyA\node.conf: 3
    "rpcSettings" : {
        # C:\tutorials\cordaexamples\Corda-InsurancePremiumPayment\kotlin-source\build\nodes\PartyA\node.conf: 4
        "address" : "localhost:10008",
        # C:\tutorials\cordaexamples\Corda-InsurancePremiumPayment\kotlin-source\build\nodes\PartyA\node.conf: 5
        "adminAddress" : "localhost:10048"
    },
    # C:\tutorials\cordaexamples\Corda-InsurancePremiumPayment\kotlin-source\build\nodes\PartyA\node.conf: 7
    "rpcUsers" : [
        # C:\tutorials\cordaexamples\Corda-InsurancePremiumPayment\kotlin-source\build\nodes\PartyA\node.conf: 8
        {
            # C:\tutorials\cordaexamples\Corda-InsurancePremiumPayment\kotlin-source\build\nodes\PartyA\node.conf: 9
            "password" : "test",
            # C:\tutorials\cordaexamples\Corda-InsurancePremiumPayment\kotlin-source\build\nodes\PartyA\node.conf: 10
            "permissions" : [
                # C:\tutorials\cordaexamples\Corda-InsurancePremiumPayment\kotlin-source\build\nodes\PartyA\node.conf: 11
                "ALL"
            ],
            # C:\tutorials\cordaexamples\Corda-InsurancePremiumPayment\kotlin-source\build\nodes\PartyA\node.conf: 13
            "user" : "user1"
        }
    ],
    # web-reference.conf @ jar:file:/C:/Users/madhu/AppData/Local/capsule/apps/net.corda.webserver.WebServer_3.3-corda/corda-webserver-impl-3.3-corda.jar!/web-reference.conf: 3
    "trustStorePassword" : "trustpass",
    # web-reference.conf @ jar:file:/C:/Users/madhu/AppData/Local/capsule/apps/net.corda.webserver.WebServer_3.3-corda/corda-webserver-impl-3.3-corda.jar!/web-reference.conf: 1
    "useHTTPS" : false,
    # C:\tutorials\cordaexamples\Corda-InsurancePremiumPayment\kotlin-source\build\nodes\PartyA\node.conf: 16
    "webAddress" : "localhost:10009"
}
 {}
[INFO ] 2019-06-04T10:26:42,339Z [main] Main.main - Main class: /C:/Users/madhu/AppData/Local/capsule/apps/net.corda.webserver.WebServer_3.3-corda/corda-webserver-impl-3.3-corda.jar {}
[INFO ] 2019-06-04T10:26:42,763Z [main] Main.main - CommandLine Args: -Xmx200m -XX:+UseG1GC -agentlib:jdwp=transport=dt_socket,server=y,suspend=n,address=5007 -javaagent:drivers/jolokia-jvm-1.3.7-agent.jar=port=7007,logHandlerClass=net.corda.webserver.JolokiaSlf4Adapter -javaagent:C:\Users\madhu\AppData\Local\capsule\apps\net.corda.webserver.WebServer_3.3-corda\quasar-core-0.7.9-jdk8.jar -javaagent:C:\tutorials\cordaexamples\Corda-InsurancePremiumPayment\kotlin-source\build\nodes\PartyA\corda-webserver.jar -Dcapsule.address=0.0.0.0 -Dvisualvm.display.name=Corda -Djava.library.path=C:\Program Files\Java\jre1.8.0_201\bin;C:\WINDOWS\Sun\Java\bin;C:\WINDOWS\system32;C:\WINDOWS;C:\Program Files (x86)\Common Files\Oracle\Java\javapath;C:\Program Files (x86)\Lenovo\FusionEngine;C:\WINDOWS\system32;C:\WINDOWS;C:\WINDOWS\System32\Wbem;C:\WINDOWS\System32\WindowsPowerShell\v1.0;C:\Program Files (x86)\Common Files\lenovo\easyplussdk\bin;C:\Program Files\Intel\WiFi\bin;C:\Program Files\Common Files\Intel\WirelessCommon;C:\Program Files\Microsoft\Web Platform Installer;C:\Program Files\Microsoft SQL Server\130\Tools\Binn;C:\Program Files\dotnet;C:\Program Files\Geth;C:\ProgramData\chocolatey\bin;C:\Program Files\Git\cmd;C:\WINDOWS\System32\OpenSSH;C:\Program Files\nodejs;C:\Program Files (x86)\Microsoft VS Code\bin;C:\consenSys\go-ipfs;C:\Go\bin;C:\Program Files\PuTTY;C:\Program Files\Amazon\AWSCLI\bin;C:\Users\madhu\.windows-build-tools\python27;C:\Program Files\nodejs\node_modules\npm\node_modules\npm-lifecycle\node-gyp-bin;C:\WINDOWS\system32\node_modules\windows-build-tools\node_modules\.bin;C:\WINDOWS\system32\node_modules\.bin;C:\Program Files (x86)\Lenovo\FusionEngine;C:\WINDOWS\system32;C:\WINDOWS;C:\WINDOWS\System32\Wbem;C:\WINDOWS\System32\WindowsPowerShell\v1.0;C:\Program Files (x86)\Common Files\lenovo\easyplussdk\bin;C:\Program Files\Intel\WiFi\bin;C:\Program Files\Common Files\Intel\WirelessCommon;C:\Program Files\Microsoft\Web Platform Installer;C:\Users\madhu\.dnx\bin;C:\Program Files\Microsoft DNX\Dnvm;C:\Program Files\Microsoft SQL Server\130\Tools\Binn;C:\Program Files\dotnet;C:\Program Files\Geth;C:\ProgramData\chocolatey\bin;C:\Program Files\Git\cmd;C:\WINDOWS\System32\OpenSSH;C:\Program Files\nodejs;C:\Program Files (x86)\Microsoft VS Code\bin;C:\consenSys\go-ipfs;C:\Users\madhu\AppData\Local\Microsoft\WindowsApps;C:\Users\madhu\AppData\Local\atom\bin;C:\Users\madhu\AppData\Local\Microsoft\WindowsApps;C:\Users\madhu\AppData\Roaming\npm;C:\Users\madhu\go\bin;C:\Users\madhu\go\src\github.com\ipfs\go-ipfs;C:\Program Files\heroku\bin;C:\Users\madhu\AppData\Local\capsule\apps\net.corda.webserver.WebServer_3.3-corda -Dcapsule.log=1 -Dcapsule.app=net.corda.webserver.WebServer_3.3-corda -Dcapsule.port=56727 -Dname=PartyA-corda-webserver.jar -Dcapsule.jvm.args=-agentlib:jdwp=transport=dt_socket,server=y,suspend=n,address=5007 -javaagent:drivers/jolokia-jvm-1.3.7-agent.jar=port=7007,logHandlerClass=net.corda.webserver.JolokiaSlf4Adapter -DWebserver -Dcapsule.dir=C:\Users\madhu\AppData\Local\capsule\apps\net.corda.webserver.WebServer_3.3-corda -Dcapsule.jar=C:\tutorials\cordaexamples\Corda-InsurancePremiumPayment\kotlin-source\build\nodes\PartyA\corda-webserver.jar {}
[INFO ] 2019-06-04T10:26:43,823Z [main] Main.main - Application Args:  {}
[INFO ] 2019-06-04T10:26:43,824Z [main] Main.main - bootclasspath: C:\Program Files\Java\jre1.8.0_201\lib\resources.jar;C:\Program Files\Java\jre1.8.0_201\lib\rt.jar;C:\Program Files\Java\jre1.8.0_201\lib\sunrsasign.jar;C:\Program Files\Java\jre1.8.0_201\lib\jsse.jar;C:\Program Files\Java\jre1.8.0_201\lib\jce.jar;C:\Program Files\Java\jre1.8.0_201\lib\charsets.jar;C:\Program Files\Java\jre1.8.0_201\lib\jfr.jar;C:\Program Files\Java\jre1.8.0_201\classes {}
[INFO ] 2019-06-04T10:26:43,824Z [main] Main.main - classpath: C:\tutorials\cordaexamples\Corda-InsurancePremiumPayment\kotlin-source\build\nodes\PartyA\corda-webserver.jar;C:\Users\madhu\AppData\Local\capsule\apps\net.corda.webserver.WebServer_3.3-corda\corda-rpc-3.3-corda.jar;C:\Users\madhu\AppData\Local\capsule\apps\net.corda.webserver.WebServer_3.3-corda\corda-jackson-3.3-corda.jar;C:\Users\madhu\AppData\Local\capsule\apps\net.corda.webserver.WebServer_3.3-corda\corda-node-api-3.3-corda.jar;C:\Users\madhu\AppData\Local\capsule\apps\net.corda.webserver.WebServer_3.3-corda\corda-core-3.3-corda.jar;C:\Users\madhu\AppData\Local\capsule\apps\net.corda.webserver.WebServer_3.3-corda\jetty-webapp-9.4.7.v20170914.jar;C:\Users\madhu\AppData\Local\capsule\apps\net.corda.webserver.WebServer_3.3-corda\jetty-servlet-9.4.7.v20170914.jar;C:\Users\madhu\AppData\Local\capsule\apps\net.corda.webserver.WebServer_3.3-corda\jersey-container-jetty-http-2.25.jar;C:\Users\madhu\AppData\Local\capsule\apps\net.corda.webserver.WebServer_3.3-corda\jetty-security-9.4.7.v20170914.jar;C:\Users\madhu\AppData\Local\capsule\apps\net.corda.webserver.WebServer_3.3-corda\jetty-server-9.4.7.v20170914.jar;C:\Users\madhu\AppData\Local\capsule\apps\net.corda.webserver.WebServer_3.3-corda\javax.servlet-api-3.1.0.jar;C:\Users\madhu\AppData\Local\capsule\apps\net.corda.webserver.WebServer_3.3-corda\commons-fileupload-1.3.3.jar;C:\Users\madhu\AppData\Local\capsule\apps\net.corda.webserver.WebServer_3.3-corda\log4j-slf4j-impl-2.9.1.jar;C:\Users\madhu\AppData\Local\capsule\apps\net.corda.webserver.WebServer_3.3-corda\log4j-core-2.9.1.jar;C:\Users\madhu\AppData\Local\capsule\apps\net.corda.webserver.WebServer_3.3-corda\jopt-simple-5.0.2.jar;C:\Users\madhu\AppData\Local\capsule\apps\net.corda.webserver.WebServer_3.3-corda\jetty-continuation-9.4.7.v20170914.jar;C:\Users\madhu\AppData\Local\capsule\apps\net.corda.webserver.WebServer_3.3-corda\jersey-container-servlet-2.25.jar;C:\Users\madhu\AppData\Local\capsule\apps\net.corda.webserver.WebServer_3.3-corda\jersey-container-servlet-core-2.25.jar;C:\Users\madhu\AppData\Local\capsule\apps\net.corda.webserver.WebServer_3.3-corda\jersey-server-2.25.jar;C:\Users\madhu\AppData\Local\capsule\apps\net.corda.webserver.WebServer_3.3-corda\jersey-media-json-jackson-2.25.jar;C:\Users\madhu\AppData\Local\capsule\apps\net.corda.webserver.WebServer_3.3-corda\kotlinx-html-jvm-0.6.3.jar;C:\Users\madhu\AppData\Local\capsule\apps\net.corda.webserver.WebServer_3.3-corda\kotlin-stdlib-jre8-1.1.60.jar;C:\Users\madhu\AppData\Local\capsule\apps\net.corda.webserver.WebServer_3.3-corda\jackson-module-kotlin-2.9.2.jar;C:\Users\madhu\AppData\Local\capsule\apps\net.corda.webserver.WebServer_3.3-corda\kotlin-reflect-1.1.60.jar;C:\Users\madhu\AppData\Local\capsule\apps\net.corda.webserver.WebServer_3.3-corda\cordform-common-3.2.1.jar;C:\Users\madhu\AppData\Local\capsule\apps\net.corda.webserver.WebServer_3.3-corda\jsr305-3.0.2.jar;C:\Users\madhu\AppData\Local\capsule\apps\net.corda.webserver.WebServer_3.3-corda\jcl-over-slf4j-1.7.25.jar;C:\Users\madhu\AppData\Local\capsule\apps\net.corda.webserver.WebServer_3.3-corda\slf4j-api-1.7.25.jar;C:\Users\madhu\AppData\Local\capsule\apps\net.corda.webserver.WebServer_3.3-corda\rxjava-1.2.4.jar;C:\Users\madhu\AppData\Local\capsule\apps\net.corda.webserver.WebServer_3.3-corda\commons-jexl3-3.0.jar;C:\Users\madhu\AppData\Local\capsule\apps\net.corda.webserver.WebServer_3.3-corda\jackson-datatype-jsr310-2.9.2.jar;C:\Users\madhu\AppData\Local\capsule\apps\net.corda.webserver.WebServer_3.3-corda\jackson-jaxrs-json-provider-2.8.4.jar;C:\Users\madhu\AppData\Local\capsule\apps\net.corda.webserver.WebServer_3.3-corda\jackson-jaxrs-base-2.8.4.jar;C:\Users\madhu\AppData\Local\capsule\apps\net.corda.webserver.WebServer_3.3-corda\jackson-module-jaxb-annotations-2.8.4.jar;C:\Users\madhu\AppData\Local\capsule\apps\net.corda.webserver.WebServer_3.3-corda\jackson-databind-2.9.2.jar;C:\Users\madhu\AppData\Local\capsule\apps\net.corda.webserver.WebServer_3.3-corda\eddsa-0.2.0.jar;C:\Users\madhu\AppData\Local\capsule\apps\net.corda.webserver.WebServer_3.3-corda\bcpkix-jdk15on-1.57.jar;C:\Users\madhu\AppData\Local\capsule\apps\net.corda.webserver.WebServer_3.3-corda\bcprov-jdk15on-1.57.jar;C:\Users\madhu\AppData\Local\capsule\apps\net.corda.webserver.WebServer_3.3-corda\hibernate-core-5.2.6.Final.jar;C:\Users\madhu\AppData\Local\capsule\apps\net.corda.webserver.WebServer_3.3-corda\hibernate-jpa-2.1-api-1.0.0.Final.jar;C:\Users\madhu\AppData\Local\capsule\apps\net.corda.webserver.WebServer_3.3-corda\quasar-core-0.7.9-jdk8.jar;C:\Users\madhu\AppData\Local\capsule\apps\net.corda.webserver.WebServer_3.3-corda\jackson-dataformat-yaml-2.9.2.jar;C:\Users\madhu\AppData\Local\capsule\apps\net.corda.webserver.WebServer_3.3-corda\artemis-core-client-2.2.0.jar;C:\Users\madhu\AppData\Local\capsule\apps\net.corda.webserver.WebServer_3.3-corda\artemis-commons-2.2.0.jar;C:\Users\madhu\AppData\Local\capsule\apps\net.corda.webserver.WebServer_3.3-corda\guava-21.0.jar;C:\Users\madhu\AppData\Local\capsule\apps\net.corda.webserver.WebServer_3.3-corda\jetty-xml-9.4.7.v20170914.jar;C:\Users\madhu\AppData\Local\capsule\apps\net.corda.webserver.WebServer_3.3-corda\commons-io-2.2.jar;C:\Users\madhu\AppData\Local\capsule\apps\net.corda.webserver.WebServer_3.3-corda\log4j-api-2.9.1.jar;C:\Users\madhu\AppData\Local\capsule\apps\net.corda.webserver.WebServer_3.3-corda\jersey-client-2.25.jar;C:\Users\madhu\AppData\Local\capsule\apps\net.corda.webserver.WebServer_3.3-corda\jersey-media-jaxb-2.25.jar;C:\Users\madhu\AppData\Local\capsule\apps\net.corda.webserver.WebServer_3.3-corda\jersey-common-2.25.jar;C:\Users\madhu\AppData\Local\capsule\apps\net.corda.webserver.WebServer_3.3-corda\jersey-entity-filtering-2.25.jar;C:\Users\madhu\AppData\Local\capsule\apps\net.corda.webserver.WebServer_3.3-corda\javax.ws.rs-api-2.0.1.jar;C:\Users\madhu\AppData\Local\capsule\apps\net.corda.webserver.WebServer_3.3-corda\javax.annotation-api-1.2.jar;C:\Users\madhu\AppData\Local\capsule\apps\net.corda.webserver.WebServer_3.3-corda\hk2-locator-2.5.0-b30.jar;C:\Users\madhu\AppData\Local\capsule\apps\net.corda.webserver.WebServer_3.3-corda\hk2-api-2.5.0-b30.jar;C:\Users\madhu\AppData\Local\capsule\apps\net.corda.webserver.WebServer_3.3-corda\javax.inject-2.5.0-b30.jar;C:\Users\madhu\AppData\Local\capsule\apps\net.corda.webserver.WebServer_3.3-corda\validation-api-1.1.0.Final.jar;C:\Users\madhu\AppData\Local\capsule\apps\net.corda.webserver.WebServer_3.3-corda\jetty-http-9.4.7.v20170914.jar;C:\Users\madhu\AppData\Local\capsule\apps\net.corda.webserver.WebServer_3.3-corda\jetty-io-9.4.7.v20170914.jar;C:\Users\madhu\AppData\Local\capsule\apps\net.corda.webserver.WebServer_3.3-corda\jetty-util-9.4.7.v20170914.jar;C:\Users\madhu\AppData\Local\capsule\apps\net.corda.webserver.WebServer_3.3-corda\jackson-annotations-2.9.0.jar;C:\Users\madhu\AppData\Local\capsule\apps\net.corda.webserver.WebServer_3.3-corda\kotlin-stdlib-jre7-1.1.60.jar;C:\Users\madhu\AppData\Local\capsule\apps\net.corda.webserver.WebServer_3.3-corda\kotlin-stdlib-1.1.60.jar;C:\Users\madhu\AppData\Local\capsule\apps\net.corda.webserver.WebServer_3.3-corda\jackson-core-2.9.2.jar;C:\Users\madhu\AppData\Local\capsule\apps\net.corda.webserver.WebServer_3.3-corda\hibernate-commons-annotations-5.0.1.Final.jar;C:\Users\madhu\AppData\Local\capsule\apps\net.corda.webserver.WebServer_3.3-corda\jboss-logging-3.3.0.Final.jar;C:\Users\madhu\AppData\Local\capsule\apps\net.corda.webserver.WebServer_3.3-corda\javassist-3.20.0-GA.jar;C:\Users\madhu\AppData\Local\capsule\apps\net.corda.webserver.WebServer_3.3-corda\antlr-2.7.7.jar;C:\Users\madhu\AppData\Local\capsule\apps\net.corda.webserver.WebServer_3.3-corda\geronimo-jta_1.1_spec-1.1.1.jar;C:\Users\madhu\AppData\Local\capsule\apps\net.corda.webserver.WebServer_3.3-corda\jandex-2.0.3.Final.jar;C:\Users\madhu\AppData\Local\capsule\apps\net.corda.webserver.WebServer_3.3-corda\classmate-1.3.0.jar;C:\Users\madhu\AppData\Local\capsule\apps\net.corda.webserver.WebServer_3.3-corda\dom4j-1.6.1.jar;C:\Users\madhu\AppData\Local\capsule\apps\net.corda.webserver.WebServer_3.3-corda\cdi-api-1.1.jar;C:\Users\madhu\AppData\Local\capsule\apps\net.corda.webserver.WebServer_3.3-corda\commons-collections4-4.1.jar;C:\Users\madhu\AppData\Local\capsule\apps\net.corda.webserver.WebServer_3.3-corda\commons-beanutils-1.9.3.jar;C:\Users\madhu\AppData\Local\capsule\apps\net.corda.webserver.WebServer_3.3-corda\config-1.3.1.jar;C:\Users\madhu\AppData\Local\capsule\apps\net.corda.webserver.WebServer_3.3-corda\kryo-serializers-0.41.jar;C:\Users\madhu\AppData\Local\capsule\apps\net.corda.webserver.WebServer_3.3-corda\kryo-4.0.0.jar;C:\Users\madhu\AppData\Local\capsule\apps\net.corda.webserver.WebServer_3.3-corda\proton-j-0.21.0.jar;C:\Users\madhu\AppData\Local\capsule\apps\net.corda.webserver.WebServer_3.3-corda\fast-classpath-scanner-2.12.3.jar;C:\Users\madhu\AppData\Local\capsule\apps\net.corda.webserver.WebServer_3.3-corda\snakeyaml-1.18.jar;C:\Users\madhu\AppData\Local\capsule\apps\net.corda.webserver.WebServer_3.3-corda\jersey-guava-2.25.jar;C:\Users\madhu\AppData\Local\capsule\apps\net.corda.webserver.WebServer_3.3-corda\osgi-resource-locator-1.0.1.jar;C:\Users\madhu\AppData\Local\capsule\apps\net.corda.webserver.WebServer_3.3-corda\hk2-utils-2.5.0-b30.jar;C:\Users\madhu\AppData\Local\capsule\apps\net.corda.webserver.WebServer_3.3-corda\aopalliance-repackaged-2.5.0-b30.jar;C:\Users\madhu\AppData\Local\capsule\apps\net.corda.webserver.WebServer_3.3-corda\el-api-2.2.jar;C:\Users\madhu\AppData\Local\capsule\apps\net.corda.webserver.WebServer_3.3-corda\jboss-interceptors-api_1.1_spec-1.0.0.Beta1.jar;C:\Users\madhu\AppData\Local\capsule\apps\net.corda.webserver.WebServer_3.3-corda\jsr250-api-1.0.jar;C:\Users\madhu\AppData\Local\capsule\apps\net.corda.webserver.WebServer_3.3-corda\javax.inject-1.jar;C:\Users\madhu\AppData\Local\capsule\apps\net.corda.webserver.WebServer_3.3-corda\commons-collections-3.2.2.jar;C:\Users\madhu\AppData\Local\capsule\apps\net.corda.webserver.WebServer_3.3-corda\jgroups-3.6.13.Final.jar;C:\Users\madhu\AppData\Local\capsule\apps\net.corda.webserver.WebServer_3.3-corda\netty-all-4.1.9.Final.jar;C:\Users\madhu\AppData\Local\capsule\apps\net.corda.webserver.WebServer_3.3-corda\geronimo-json_1.0_spec-1.0-alpha-1.jar;C:\Users\madhu\AppData\Local\capsule\apps\net.corda.webserver.WebServer_3.3-corda\johnzon-core-0.9.5.jar;C:\Users\madhu\AppData\Local\capsule\apps\net.corda.webserver.WebServer_3.3-corda\reflectasm-1.11.3.jar;C:\Users\madhu\AppData\Local\capsule\apps\net.corda.webserver.WebServer_3.3-corda\minlog-1.3.0.jar;C:\Users\madhu\AppData\Local\capsule\apps\net.corda.webserver.WebServer_3.3-corda\objenesis-2.2.jar;C:\Users\madhu\AppData\Local\capsule\apps\net.corda.webserver.WebServer_3.3-corda\asm-5.0.4.jar;C:\Users\madhu\AppData\Local\capsule\apps\net.corda.webserver.WebServer_3.3-corda\annotations-13.0.jar;C:\Users\madhu\AppData\Local\capsule\apps\net.corda.webserver.WebServer_3.3-corda\corda-webserver-impl-3.3-corda.jar;C:\tutorials\cordaexamples\Corda-InsurancePremiumPayment\kotlin-source\build\nodes\PartyA\cordapps\corda-finance-3.3-corda.jar;C:\tutorials\cordaexamples\Corda-InsurancePremiumPayment\kotlin-source\build\nodes\PartyA\cordapps\cordapp-helloworld-0.1.jar;drivers/jolokia-jvm-1.3.7-agent.jar;C:\Users\madhu\AppData\Local\capsule\apps\net.corda.webserver.WebServer_3.3-corda\quasar-core-0.7.9-jdk8.jar;C:\tutorials\cordaexamples\Corda-InsurancePremiumPayment\kotlin-source\build\nodes\PartyA\corda-webserver.jar {}
[INFO ] 2019-06-04T10:26:43,831Z [main] Main.main - VM Java HotSpot(TM) 64-Bit Server VM Oracle Corporation 25.201-b09 {}
[INFO ] 2019-06-04T10:26:43,833Z [main] Main.main - Machine: DESKTOP-TQVEIEQ {}
[INFO ] 2019-06-04T10:26:43,833Z [main] Main.main - Working Directory: C:\tutorials\cordaexamples\Corda-InsurancePremiumPayment\kotlin-source\build\nodes\PartyA {}
[INFO ] 2019-06-04T10:26:55,611Z [main] Main.main - Starting as webserver on localhost:10009 {}
[INFO ] 2019-06-04T10:26:56,570Z [main] BasicInfo.logAndMaybePrint - Starting as webserver: localhost:10009 {}
[WARN ] 2019-06-04T10:27:01,670Z [main] internal.config.defaultToOldPath - Config key user has been deprecated and will be removed in a future release. Use username instead {}
[INFO ] 2019-06-04T10:27:01,712Z [main] internal.NodeWebServer.connectLocalRpcAsNodeUser - Connecting to node at localhost:10008 as User(user1, permissions=[ALL]) {}
[INFO ] 2019-06-04T10:27:44,893Z [main] internal.RPCClient.logElapsedTime - Startup took 27086 msec {}
[WARN ] 2019-06-04T10:27:46,055Z [main] internal.config.defaultToOldPath - Config key user has been deprecated and will be removed in a future release. Use username instead {}
[INFO ] 2019-06-04T10:27:46,057Z [main] internal.NodeWebServer.connectLocalRpcAsNodeUser - Connecting to node at localhost:10008 as User(user1, permissions=[ALL]) {}
[INFO ] 2019-06-04T10:27:48,029Z [main] internal.RPCClient.logElapsedTime - Startup took 1970 msec {}
[WARN ] 2019-06-04T10:27:49,114Z [main] internal.config.defaultToOldPath - Config key user has been deprecated and will be removed in a future release. Use username instead {}
[INFO ] 2019-06-04T10:27:49,115Z [main] internal.NodeWebServer.connectLocalRpcAsNodeUser - Connecting to node at localhost:10008 as User(user1, permissions=[ALL]) {}
[INFO ] 2019-06-04T10:27:50,719Z [main] internal.RPCClient.logElapsedTime - Startup took 1596 msec {}
[WARN ] 2019-06-04T10:27:51,805Z [main] internal.config.defaultToOldPath - Config key user has been deprecated and will be removed in a future release. Use username instead {}
[INFO ] 2019-06-04T10:27:51,809Z [main] internal.NodeWebServer.connectLocalRpcAsNodeUser - Connecting to node at localhost:10008 as User(user1, permissions=[ALL]) {}
[INFO ] 2019-06-04T10:27:53,332Z [main] internal.RPCClient.logElapsedTime - Startup took 1523 msec {}
[WARN ] 2019-06-04T10:27:54,664Z [main] internal.config.defaultToOldPath - Config key user has been deprecated and will be removed in a future release. Use username instead {}
[INFO ] 2019-06-04T10:27:54,665Z [main] internal.NodeWebServer.connectLocalRpcAsNodeUser - Connecting to node at localhost:10008 as User(user1, permissions=[ALL]) {}
[INFO ] 2019-06-04T10:27:56,406Z [main] internal.RPCClient.logElapsedTime - Startup took 1740 msec {}
[WARN ] 2019-06-04T10:27:57,552Z [main] internal.config.defaultToOldPath - Config key user has been deprecated and will be removed in a future release. Use username instead {}
[INFO ] 2019-06-04T10:27:57,557Z [main] internal.NodeWebServer.connectLocalRpcAsNodeUser - Connecting to node at localhost:10008 as User(user1, permissions=[ALL]) {}
[INFO ] 2019-06-04T10:28:00,235Z [main] internal.RPCClient.logElapsedTime - Startup took 2675 msec {}
[WARN ] 2019-06-04T10:28:01,441Z [main] internal.config.defaultToOldPath - Config key user has been deprecated and will be removed in a future release. Use username instead {}
[INFO ] 2019-06-04T10:28:01,442Z [main] internal.NodeWebServer.connectLocalRpcAsNodeUser - Connecting to node at localhost:10008 as User(user1, permissions=[ALL]) {}
[INFO ] 2019-06-04T10:28:03,226Z [main] internal.RPCClient.logElapsedTime - Startup took 1783 msec {}
[WARN ] 2019-06-04T10:28:04,384Z [main] internal.config.defaultToOldPath - Config key user has been deprecated and will be removed in a future release. Use username instead {}
[INFO ] 2019-06-04T10:28:04,389Z [main] internal.NodeWebServer.connectLocalRpcAsNodeUser - Connecting to node at localhost:10008 as User(user1, permissions=[ALL]) {}
[INFO ] 2019-06-04T10:28:06,238Z [main] internal.RPCClient.logElapsedTime - Startup took 1848 msec {}
[WARN ] 2019-06-04T10:28:07,321Z [main] internal.config.defaultToOldPath - Config key user has been deprecated and will be removed in a future release. Use username instead {}
[INFO ] 2019-06-04T10:28:07,322Z [main] internal.NodeWebServer.connectLocalRpcAsNodeUser - Connecting to node at localhost:10008 as User(user1, permissions=[ALL]) {}
[INFO ] 2019-06-04T10:28:08,805Z [main] internal.RPCClient.logElapsedTime - Startup took 1479 msec {}
[WARN ] 2019-06-04T10:28:10,089Z [main] internal.config.defaultToOldPath - Config key user has been deprecated and will be removed in a future release. Use username instead {}
[INFO ] 2019-06-04T10:28:10,092Z [main] internal.NodeWebServer.connectLocalRpcAsNodeUser - Connecting to node at localhost:10008 as User(user1, permissions=[ALL]) {}
[INFO ] 2019-06-04T10:28:12,218Z [main] internal.RPCClient.logElapsedTime - Startup took 2125 msec {}
[WARN ] 2019-06-04T10:28:13,438Z [main] internal.config.defaultToOldPath - Config key user has been deprecated and will be removed in a future release. Use username instead {}
[INFO ] 2019-06-04T10:28:13,439Z [main] internal.NodeWebServer.connectLocalRpcAsNodeUser - Connecting to node at localhost:10008 as User(user1, permissions=[ALL]) {}
[INFO ] 2019-06-04T10:28:14,930Z [main] internal.RPCClient.logElapsedTime - Startup took 1490 msec {}
[WARN ] 2019-06-04T10:28:16,012Z [main] internal.config.defaultToOldPath - Config key user has been deprecated and will be removed in a future release. Use username instead {}
[INFO ] 2019-06-04T10:28:16,013Z [main] internal.NodeWebServer.connectLocalRpcAsNodeUser - Connecting to node at localhost:10008 as User(user1, permissions=[ALL]) {}
[INFO ] 2019-06-04T10:28:17,518Z [main] internal.RPCClient.logElapsedTime - Startup took 1503 msec {}
[WARN ] 2019-06-04T10:28:18,567Z [main] internal.config.defaultToOldPath - Config key user has been deprecated and will be removed in a future release. Use username instead {}
[INFO ] 2019-06-04T10:28:18,569Z [main] internal.NodeWebServer.connectLocalRpcAsNodeUser - Connecting to node at localhost:10008 as User(user1, permissions=[ALL]) {}
[INFO ] 2019-06-04T10:28:20,202Z [main] internal.RPCClient.logElapsedTime - Startup took 1632 msec {}
[WARN ] 2019-06-04T10:28:21,273Z [main] internal.config.defaultToOldPath - Config key user has been deprecated and will be removed in a future release. Use username instead {}
[INFO ] 2019-06-04T10:28:21,276Z [main] internal.NodeWebServer.connectLocalRpcAsNodeUser - Connecting to node at localhost:10008 as User(user1, permissions=[ALL]) {}
[INFO ] 2019-06-04T10:28:22,820Z [main] internal.RPCClient.logElapsedTime - Startup took 1543 msec {}
[WARN ] 2019-06-04T10:28:23,913Z [main] internal.config.defaultToOldPath - Config key user has been deprecated and will be removed in a future release. Use username instead {}
[INFO ] 2019-06-04T10:28:23,915Z [main] internal.NodeWebServer.connectLocalRpcAsNodeUser - Connecting to node at localhost:10008 as User(user1, permissions=[ALL]) {}
[INFO ] 2019-06-04T10:28:25,418Z [main] internal.RPCClient.logElapsedTime - Startup took 1502 msec {}
[WARN ] 2019-06-04T10:28:27,146Z [main] internal.config.defaultToOldPath - Config key user has been deprecated and will be removed in a future release. Use username instead {}
[INFO ] 2019-06-04T10:28:27,148Z [main] internal.NodeWebServer.connectLocalRpcAsNodeUser - Connecting to node at localhost:10008 as User(user1, permissions=[ALL]) {}
[INFO ] 2019-06-04T10:28:28,733Z [main] internal.RPCClient.logElapsedTime - Startup took 1584 msec {}
[WARN ] 2019-06-04T10:28:30,206Z [main] internal.config.defaultToOldPath - Config key user has been deprecated and will be removed in a future release. Use username instead {}
[INFO ] 2019-06-04T10:28:30,208Z [main] internal.NodeWebServer.connectLocalRpcAsNodeUser - Connecting to node at localhost:10008 as User(user1, permissions=[ALL]) {}
[INFO ] 2019-06-04T10:28:31,829Z [main] internal.RPCClient.logElapsedTime - Startup took 1619 msec {}
[WARN ] 2019-06-04T10:28:32,946Z [main] internal.config.defaultToOldPath - Config key user has been deprecated and will be removed in a future release. Use username instead {}
[INFO ] 2019-06-04T10:28:32,949Z [main] internal.NodeWebServer.connectLocalRpcAsNodeUser - Connecting to node at localhost:10008 as User(user1, permissions=[ALL]) {}
[INFO ] 2019-06-04T10:28:34,792Z [main] internal.RPCClient.logElapsedTime - Startup took 1843 msec {}
[WARN ] 2019-06-04T10:28:36,107Z [main] internal.config.defaultToOldPath - Config key user has been deprecated and will be removed in a future release. Use username instead {}
[INFO ] 2019-06-04T10:28:36,108Z [main] internal.NodeWebServer.connectLocalRpcAsNodeUser - Connecting to node at localhost:10008 as User(user1, permissions=[ALL]) {}
[INFO ] 2019-06-04T10:28:38,228Z [main] internal.RPCClient.logElapsedTime - Startup took 2117 msec {}
[WARN ] 2019-06-04T10:28:39,244Z [main] internal.config.defaultToOldPath - Config key user has been deprecated and will be removed in a future release. Use username instead {}
[INFO ] 2019-06-04T10:28:39,246Z [main] internal.NodeWebServer.connectLocalRpcAsNodeUser - Connecting to node at localhost:10008 as User(user1, permissions=[ALL]) {}
[INFO ] 2019-06-04T10:28:40,517Z [main] internal.RPCClient.logElapsedTime - Startup took 1271 msec {}
[WARN ] 2019-06-04T10:28:41,642Z [main] internal.config.defaultToOldPath - Config key user has been deprecated and will be removed in a future release. Use username instead {}
[INFO ] 2019-06-04T10:28:41,644Z [main] internal.NodeWebServer.connectLocalRpcAsNodeUser - Connecting to node at localhost:10008 as User(user1, permissions=[ALL]) {}
[INFO ] 2019-06-04T10:28:42,900Z [main] internal.RPCClient.logElapsedTime - Startup took 1252 msec {}
[WARN ] 2019-06-04T10:28:43,987Z [main] internal.config.defaultToOldPath - Config key user has been deprecated and will be removed in a future release. Use username instead {}
[INFO ] 2019-06-04T10:28:43,989Z [main] internal.NodeWebServer.connectLocalRpcAsNodeUser - Connecting to node at localhost:10008 as User(user1, permissions=[ALL]) {}
[INFO ] 2019-06-04T10:28:45,119Z [main] internal.RPCClient.logElapsedTime - Startup took 1130 msec {}
[WARN ] 2019-06-04T10:28:46,132Z [main] internal.config.defaultToOldPath - Config key user has been deprecated and will be removed in a future release. Use username instead {}
[INFO ] 2019-06-04T10:28:46,133Z [main] internal.NodeWebServer.connectLocalRpcAsNodeUser - Connecting to node at localhost:10008 as User(user1, permissions=[ALL]) {}
[INFO ] 2019-06-04T10:28:47,426Z [main] internal.RPCClient.logElapsedTime - Startup took 1292 msec {}
[WARN ] 2019-06-04T10:28:48,438Z [main] internal.config.defaultToOldPath - Config key user has been deprecated and will be removed in a future release. Use username instead {}
[INFO ] 2019-06-04T10:28:48,440Z [main] internal.NodeWebServer.connectLocalRpcAsNodeUser - Connecting to node at localhost:10008 as User(user1, permissions=[ALL]) {}
[INFO ] 2019-06-04T10:28:49,624Z [main] internal.RPCClient.logElapsedTime - Startup took 1182 msec {}
[WARN ] 2019-06-04T10:28:50,650Z [main] internal.config.defaultToOldPath - Config key user has been deprecated and will be removed in a future release. Use username instead {}
[INFO ] 2019-06-04T10:28:50,651Z [main] internal.NodeWebServer.connectLocalRpcAsNodeUser - Connecting to node at localhost:10008 as User(user1, permissions=[ALL]) {}
[INFO ] 2019-06-04T10:29:12,514Z [main] internal.RPCClient.logElapsedTime - Startup took 21863 msec {}
[INFO ] 2019-06-04T10:29:12,601Z [main] util.log.initialized - Logging initialized @187266ms to org.eclipse.jetty.util.log.Slf4jLog {}
[INFO ] 2019-06-04T10:29:16,801Z [main] internal.NodeWebServer.buildServletContextHandler - Add plugin web API from attachment com.helloworld.plugin.ExamplePluginKt$sam$Function$ef548309@9e092b5 {}
[INFO ] 2019-06-04T10:29:19,182Z [main] server.Server.doStart - jetty-9.4.7.v20170914 {}
[INFO ] 2019-06-04T10:29:25,445Z [main] handler.ContextHandler.doStart - Started o.e.j.s.ServletContextHandler@1683b9ba{/,null,AVAILABLE} {}
[INFO ] 2019-06-04T10:29:25,533Z [main] server.AbstractConnector.doStart - Started ServerConnector@32a528c3{HTTP/1.1,[http/1.1]}{0.0.0.0:10009} {}
[INFO ] 2019-06-04T10:29:25,535Z [main] server.Server.doStart - Started @200204ms {}
[INFO ] 2019-06-04T10:29:25,535Z [main] internal.NodeWebServer.initWebServer - Starting webserver on address localhost:10009 {}
